block/MuNote1_3/proguard/mapping.txt
com.alibaba.fastjson.serializer.FileCodec -> com.alibaba.fastjson.serializer.FileCodec:
    com.alibaba.fastjson.serializer.FileCodec instance -> instance
    16:26:void write(com.alibaba.fastjson.serializer.JSONSerializer,java.lang.Object,java.lang.Object,java.lang.reflect.Type) -> write
    30:38:java.lang.Object deserialze(com.alibaba.fastjson.parser.DefaultJSONParser,java.lang.reflect.Type,java.lang.Object) -> deserialze
    42:42:int getFastMatchToken() -> getFastMatchToken
com.alibaba.fastjson.serializer.FilterUtils -> com.alibaba.fastjson.serializer.FilterUtils:
    12:21:java.lang.reflect.Type getExtratype(com.alibaba.fastjson.parser.DefaultJSONParser,java.lang.Object,java.lang.String) -> getExtratype
    25:32:void processExtra(com.alibaba.fastjson.parser.DefaultJSONParser,java.lang.Object,java.lang.String,java.lang.Object) -> processExtra
    35:41:char writeBefore(com.alibaba.fastjson.serializer.JSONSerializer,java.lang.Object,char) -> writeBefore
    45:51:char writeAfter(com.alibaba.fastjson.serializer.JSONSerializer,java.lang.Object,char) -> writeAfter
    55:62:java.lang.Object processValue(com.alibaba.fastjson.serializer.JSONSerializer,java.lang.Object,java.lang.String,java.lang.Object) -> processValue
    66:73:java.lang.String processKey(com.alibaba.fastjson.serializer.JSONSerializer,java.lang.Object,java.lang.String,java.lang.Object) -> processKey
    77:86:java.lang.String processKey(com.alibaba.fastjson.serializer.JSONSerializer,java.lang.Object,java.lang.String,byte) -> processKey
    90:99:java.lang.String processKey(com.alibaba.fastjson.serializer.JSONSerializer,java.lang.Object,java.lang.String,short) -> processKey
    103:112:java.lang.String processKey(com.alibaba.fastjson.serializer.JSONSerializer,java.lang.Object,java.lang.String,int) -> processKey
    116:125:java.lang.String processKey(com.alibaba.fastjson.serializer.JSONSerializer,java.lang.Object,java.lang.String,long) -> processKey
com.alibaba.fastjson.serializer.FloatArraySerializer -> com.alibaba.fastjson.serializer.FloatArraySerializer:
    com.alibaba.fastjson.serializer.FloatArraySerializer instance -> instance
    32:75:void write(com.alibaba.fastjson.serializer.JSONSerializer,java.lang.Object,java.lang.Object,java.lang.reflect.Type) -> write
com.alibaba.fastjson.serializer.FloatCodec -> com.alibaba.fastjson.serializer.FloatCodec:
    com.alibaba.fastjson.serializer.FloatCodec instance -> instance
    35:63:void write(com.alibaba.fastjson.serializer.JSONSerializer,java.lang.Object,java.lang.Object,java.lang.reflect.Type) -> write
    67:67:java.lang.Object deserialze(com.alibaba.fastjson.parser.DefaultJSONParser,java.lang.reflect.Type,java.lang.Object) -> deserialze
    72:91:java.lang.Object deserialze(com.alibaba.fastjson.parser.DefaultJSONParser) -> deserialze
    95:95:int getFastMatchToken() -> getFastMatchToken
com.alibaba.fastjson.serializer.FontCodec -> com.alibaba.fastjson.serializer.FontCodec:
    com.alibaba.fastjson.serializer.FontCodec instance -> instance
    19:39:void write(com.alibaba.fastjson.serializer.JSONSerializer,java.lang.Object,java.lang.Object,java.lang.reflect.Type) -> write
    43:102:java.lang.Object deserialze(com.alibaba.fastjson.parser.DefaultJSONParser,java.lang.reflect.Type,java.lang.Object) -> deserialze
    106:106:int getFastMatchToken() -> getFastMatchToken
com.alibaba.fastjson.serializer.InetAddressCodec -> com.alibaba.fastjson.serializer.InetAddressCodec:
    com.alibaba.fastjson.serializer.InetAddressCodec instance -> instance
    18:26:void write(com.alibaba.fastjson.serializer.JSONSerializer,java.lang.Object,java.lang.Object,java.lang.reflect.Type) -> write
    31:44:java.lang.Object deserialze(com.alibaba.fastjson.parser.DefaultJSONParser,java.lang.reflect.Type,java.lang.Object) -> deserialze
    49:49:int getFastMatchToken() -> getFastMatchToken