block/MuNote1_3/proguard/usage.txt
com.facebook.android.Facebook$ServiceListener
com.facebook.android.Facebook$SetterTokenCachingStrategy
com.facebook.android.Facebook$TokenRefreshConnectionHandler
com.facebook.android.Facebook$TokenRefreshServiceConnection
com.facebook.android.FbDialog
com.facebook.android.FbDialog$1
com.facebook.android.Util:
    private static final java.lang.String UTF8
    44:44:public Util()
    58:72:public static java.lang.String encodePostBody(android.os.Bundle,java.lang.String)
    77:93:public static java.lang.String encodeUrl(android.os.Bundle)
    157:229:public static java.lang.String openUrl(java.lang.String,java.lang.String,android.os.Bundle)
    234:240:private static java.lang.String read(java.io.InputStream)
    265:294:public static org.json.JSONObject parseJson(java.lang.String)
    309:313:public static void showAlert(android.content.Context,java.lang.String,java.lang.String)
com.facebook.internal.AnalyticsEvents
com.facebook.internal.CacheableRequestBatch:
    46:47:public final void setCacheKeyOverride(java.lang.String)
com.facebook.internal.FileLruCache:
    private static final java.lang.String HEADER_CACHEKEY_KEY
    private static final java.lang.String HEADER_CACHE_CONTENT_TAG_KEY
    93:110:long sizeInBytesForTest()
com.facebook.internal.FileLruCache$BufferFile:
    private static final java.lang.String FILE_NAME_PREFIX
    313:313:private FileLruCache$BufferFile()
com.facebook.internal.FileLruCache$Limits:
    576:580:void setByteCount(int)
    583:587:void setFileCount(int)
com.facebook.internal.FileLruCache$ModifiedFile:
    private static final int HASH_SEED
    private static final int HASH_MULTIPLIER
com.facebook.internal.FileLruCache$StreamHeader:
    private static final int HEADER_VERSION
    361:361:private FileLruCache$StreamHeader()
com.facebook.internal.ImageDownloader:
    private static final int DOWNLOAD_QUEUE_MAX_CONCURRENT
    private static final int CACHE_READ_QUEUE_MAX_CONCURRENT
    35:35:public ImageDownloader()
com.facebook.internal.ImageDownloader$RequestKey:
    private static final int HASH_SEED
    private static final int HASH_MULTIPLIER
com.facebook.internal.ImageRequest:
    public static final int UNSPECIFIED_DIMENSION
    private static final java.lang.String PROFILEPIC_URL_FORMAT
    private static final java.lang.String HEIGHT_PARAM
    private static final java.lang.String WIDTH_PARAM
    private static final java.lang.String MIGRATION_PARAM
    private static final java.lang.String MIGRATION_VALUE
com.facebook.internal.Logger:
    public static final java.lang.String LOG_TAG_BASE
    95:95:public int getPriority()
    99:102:public void setPriority(int)
    105:105:public java.lang.String getContents()
    120:123:public void append(java.lang.StringBuilder)